<?xml version="1.0" encoding="UTF-8"?>
<!-- Generated by org.testng.reporters.JUnitReportReporter -->
<testsuite skipped="0" hostname="Manohar" name="com.qa.nop.testpages.CustomerTestPage" tests="6" failures="0" timestamp="07 Jan 2020 14:55:06 GMT" time="235.305" errors="0">
  <testcase name="clickOnCustomersTestPage" time="39.306" classname="com.qa.nop.testpages.CustomerTestPage"/>
  <testcase name="clickOnLogRequestTestPage" time="40.018" classname="com.qa.nop.testpages.CustomerTestPage"/>
  <testcase name="clickOnCustomerRolesTestPage" time="41.588" classname="com.qa.nop.testpages.CustomerTestPage"/>
  <testcase name="clickOnVendorsTestPage" time="35.916" classname="com.qa.nop.testpages.CustomerTestPage"/>
  <testcase name="clickOnActivityTestPage" time="39.729" classname="com.qa.nop.testpages.CustomerTestPage"/>
  <testcase name="clickOnActivityTypeTestPage" time="38.748" classname="com.qa.nop.testpages.CustomerTestPage"/>
</testsuite> <!-- com.qa.nop.testpages.CustomerTestPage -->
