<?xml version="1.0" encoding="UTF-8"?>
<!-- Generated by org.testng.reporters.JUnitReportReporter -->
<testsuite skipped="0" hostname="Manohar" name="com.qa.nop.testpages.HomepageTest" tests="2" failures="0" timestamp="06 Jan 2020 07:02:04 GMT" time="68.101" errors="0">
  <testcase name="validateHomePageTitleTest" time="33.547" classname="com.qa.nop.testpages.HomepageTest"/>
  <testcase name="loginBtnTest" time="34.554" classname="com.qa.nop.testpages.HomepageTest"/>
</testsuite> <!-- com.qa.nop.testpages.HomepageTest -->
