<?xml version="1.0" encoding="UTF-8"?>
<!-- Generated by org.testng.reporters.JUnitReportReporter -->
<testsuite skipped="0" hostname="Manohar" name="com.qa.nop.testpages.ContentManagementPageTest" tests="8" failures="0" timestamp="09 Jan 2020 05:05:09 GMT" time="295.409" errors="0">
  <testcase name="clickonContentMenuTestPage" time="35.102" classname="com.qa.nop.testpages.ContentManagementPageTest"/>
  <testcase name="clickonMessageMenuTestPage" time="35.566" classname="com.qa.nop.testpages.ContentManagementPageTest"/>
  <testcase name="clickonNewItemsMenuTestPage" time="35.597" classname="com.qa.nop.testpages.ContentManagementPageTest"/>
  <testcase name="clickonNewCommentsMenuTestPage" time="37.941" classname="com.qa.nop.testpages.ContentManagementPageTest"/>
  <testcase name="clickonBlogcommentsMenuTestPage" time="37.514" classname="com.qa.nop.testpages.ContentManagementPageTest"/>
  <testcase name="clickonBlogMenuTestPage" time="38.623" classname="com.qa.nop.testpages.ContentManagementPageTest"/>
  <testcase name="clickonPollsMenuTestPage" time="36.366" classname="com.qa.nop.testpages.ContentManagementPageTest"/>
  <testcase name="clickonForumsMenuTestPage" time="38.700" classname="com.qa.nop.testpages.ContentManagementPageTest"/>
</testsuite> <!-- com.qa.nop.testpages.ContentManagementPageTest -->
