<?xml version="1.0" encoding="UTF-8"?>
<!-- Generated by org.testng.reporters.JUnitReportReporter -->
<testsuite skipped="0" hostname="Manohar" name="com.qa.nop.testpages.CatalogTestPage" tests="1" failures="0" timestamp="07 Jan 2020 12:51:06 GMT" time="41.107" errors="0">
  <testcase name="clickOnCatalogPageTest" time="41.107" classname="com.qa.nop.testpages.CatalogTestPage"/>
</testsuite> <!-- com.qa.nop.testpages.CatalogTestPage -->
