<?xml version="1.0" encoding="UTF-8"?>
<!-- Generated by org.testng.reporters.JUnitReportReporter -->
<testsuite skipped="0" hostname="Manohar" name="com.qa.nop.testpages.SalesTestPage" tests="6" failures="0" timestamp="08 Jan 2020 11:13:16 GMT" time="245.929" errors="0">
  <testcase name="clickOnsalesMenuTestPage" time="42.909" classname="com.qa.nop.testpages.SalesTestPage"/>
  <testcase name="clickOnShipmentMenuTestPage" time="38.684" classname="com.qa.nop.testpages.SalesTestPage"/>
  <testcase name="clickOnReturnMenuTestPage" time="39.155" classname="com.qa.nop.testpages.SalesTestPage"/>
  <testcase name="clickOnRecurringMenuTestPage" time="40.758" classname="com.qa.nop.testpages.SalesTestPage"/>
  <testcase name="clickOnGiftMenuTestPage" time="41.356" classname="com.qa.nop.testpages.SalesTestPage"/>
  <testcase name="clickOnShoppingMenuTestPage" time="43.067" classname="com.qa.nop.testpages.SalesTestPage"/>
</testsuite> <!-- com.qa.nop.testpages.SalesTestPage -->
