<?xml version="1.0" encoding="UTF-8"?>
<!-- Generated by org.testng.reporters.JUnitReportReporter -->
<testsuite skipped="0" hostname="Manohar" name="com.qa.nop.testpages.DashBoardPageTest" tests="3" failures="0" timestamp="06 Jan 2020 08:20:38 GMT" time="124.432" errors="0">
  <testcase name="clickHappyBlockTest" time="39.288" classname="com.qa.nop.testpages.DashBoardPageTest"/>
  <testcase name="clickServiceBlockTest" time="43.310" classname="com.qa.nop.testpages.DashBoardPageTest"/>
  <testcase name="clicHostingBlockTest" time="41.834" classname="com.qa.nop.testpages.DashBoardPageTest"/>
</testsuite> <!-- com.qa.nop.testpages.DashBoardPageTest -->
