<?xml version="1.0" encoding="UTF-8"?>
<!-- Generated by org.testng.reporters.JUnitReportReporter -->
<testsuite skipped="0" hostname="Manohar" name="com.qa.nop.testpages.PromotionsPageTest" tests="4" failures="0" timestamp="08 Jan 2020 15:02:06 GMT" time="217.525" errors="0">
  <testcase name="clickOnPromotionsMenuTestPage" time="48.099" classname="com.qa.nop.testpages.PromotionsPageTest"/>
  <testcase name="clickOnAffiliatesMenuTestPage" time="42.502" classname="com.qa.nop.testpages.PromotionsPageTest"/>
  <testcase name="clickOnNewLetterMenuTestPage" time="67.393" classname="com.qa.nop.testpages.PromotionsPageTest"/>
  <testcase name="clickOnCampaignsMenuTestPage" time="59.531" classname="com.qa.nop.testpages.PromotionsPageTest"/>
</testsuite> <!-- com.qa.nop.testpages.PromotionsPageTest -->
