<?xml version="1.0" encoding="UTF-8"?>
<!-- Generated by org.testng.reporters.JUnitReportReporter -->
<testsuite skipped="0" hostname="Manohar" name="com.qa.nop.testpages.ConfigurationTestPage" tests="2" failures="0" timestamp="13 Jan 2020 06:14:39 GMT" time="84.017" errors="0">
  <testcase name="clickOnBlogSettingsMenuTestPage" time="41.334" classname="com.qa.nop.testpages.ConfigurationTestPage"/>
  <testcase name="clickOnNewsSettingsMenuTestPage" time="42.683" classname="com.qa.nop.testpages.ConfigurationTestPage"/>
</testsuite> <!-- com.qa.nop.testpages.ConfigurationTestPage -->
